Base path: '/Applications/Unity/Unity.app/Contents', plugins path '/Applications/Unity/Unity.app/Contents/PlaybackEngines'
Cmd: initializeCompiler
Cmd: preprocess
  insize=811 outsize=209 ok=1
Cmd: preprocess
  insize=811 outsize=209 ok=1
Cmd: preprocess
  insize=811 outsize=209 ok=1
Cmd: preprocess
  insize=811 outsize=209 ok=1
Cmd: preprocess
  insize=811 outsize=209 ok=1
Cmd: preprocess
  insize=811 outsize=209 ok=1
Cmd: preprocess
  insize=811 outsize=209 ok=1
Cmd: preprocess
  insize=811 outsize=209 ok=1
Cmd: preprocess
  insize=811 outsize=209 ok=1
Cmd: preprocess
  insize=811 outsize=209 ok=1
Cmd: preprocess
  insize=811 outsize=209 ok=1
Cmd: preprocess
  insize=811 outsize=209 ok=1
Cmd: preprocess
  insize=811 outsize=209 ok=1
Cmd: preprocess
  insize=811 outsize=209 ok=1
Cmd: preprocess
  insize=811 outsize=209 ok=1
Cmd: preprocess
  insize=811 outsize=209 ok=1
Cmd: preprocess
  insize=811 outsize=209 ok=1
Cmd: preprocess
  insize=811 outsize=209 ok=1
Cmd: preprocess
  insize=811 outsize=209 ok=1
Cmd: preprocess
  insize=811 outsize=209 ok=1
Cmd: preprocess
  insize=811 outsize=209 ok=1
Cmd: preprocess
  insize=811 outsize=209 ok=1
Cmd: preprocess
  insize=811 outsize=209 ok=1
Cmd: preprocess
  insize=811 outsize=209 ok=1
Cmd: preprocess
  insize=811 outsize=209 ok=1
Cmd: preprocess
  insize=811 outsize=209 ok=1
Cmd: preprocess
  insize=811 outsize=209 ok=1
Cmd: preprocess
  insize=811 outsize=209 ok=1
Cmd: preprocess
  insize=811 outsize=209 ok=1
Cmd: preprocess
  insize=811 outsize=209 ok=1
Cmd: preprocess
  insize=811 outsize=209 ok=1
Cmd: preprocess
  insize=811 outsize=209 ok=1
Cmd: preprocess
  insize=811 outsize=209 ok=1
Cmd: preprocess
  insize=811 outsize=209 ok=1
Cmd: preprocess
  insize=811 outsize=209 ok=1
Cmd: preprocess
  insize=811 outsize=209 ok=1
Cmd: preprocess
  insize=811 outsize=209 ok=1
Cmd: preprocess
  insize=811 outsize=209 ok=1
Cmd: preprocess
  insize=811 outsize=209 ok=1
Cmd: preprocess
  insize=811 outsize=209 ok=1
Cmd: preprocess
  insize=811 outsize=209 ok=1
Cmd: preprocess
  insize=811 outsize=209 ok=1
Cmd: preprocess
  insize=811 outsize=209 ok=1
Cmd: preprocess
  insize=811 outsize=209 ok=1
Cmd: preprocess
  insize=811 outsize=209 ok=1
Cmd: preprocess
  insize=811 outsize=209 ok=1
Cmd: preprocess
  insize=811 outsize=209 ok=1
Cmd: preprocess
  insize=811 outsize=209 ok=1
Cmd: preprocess
  insize=811 outsize=209 ok=1
Cmd: preprocess
  insize=811 outsize=209 ok=1
Cmd: preprocess
  insize=811 outsize=209 ok=1
Cmd: preprocess
  insize=811 outsize=209 ok=1
Cmd: preprocess
  insize=811 outsize=209 ok=1
Cmd: preprocess
  insize=811 outsize=209 ok=1
Cmd: preprocess
  insize=811 outsize=209 ok=1
Cmd: preprocess
  insize=811 outsize=209 ok=1
Cmd: preprocess
  insize=811 outsize=209 ok=1
Cmd: preprocess
  insize=811 outsize=209 ok=1
Cmd: preprocess
  insize=811 outsize=209 ok=1
Cmd: preprocess
  insize=811 outsize=209 ok=1
Cmd: preprocess
  insize=811 outsize=209 ok=1
Cmd: preprocess
  insize=811 outsize=209 ok=1
Cmd: preprocess
  insize=811 outsize=209 ok=1
Cmd: preprocess
  insize=811 outsize=209 ok=1
Cmd: preprocess
  insize=811 outsize=209 ok=1
Cmd: preprocess
  insize=811 outsize=209 ok=1
Cmd: preprocess
  insize=811 outsize=209 ok=1
Cmd: preprocess
  insize=811 outsize=209 ok=1
Cmd: preprocess
  insize=811 outsize=209 ok=1
Cmd: preprocess
  insize=811 outsize=209 ok=1
Cmd: preprocess
  insize=811 outsize=209 ok=1
Cmd: preprocess
  insize=811 outsize=209 ok=1
Cmd: preprocess
  insize=811 outsize=209 ok=1
Cmd: preprocess
  insize=811 outsize=209 ok=1
Cmd: preprocess
  insize=811 outsize=209 ok=1
Cmd: preprocess
  insize=6700 outsize=535 ok=1
Cmd: preprocess
  insize=11159 outsize=640 ok=1
Cmd: preprocess
  insize=3980 outsize=523 ok=1
Cmd: preprocess
  insize=3743 outsize=528 ok=1
Cmd: preprocess
  insize=3559 outsize=524 ok=1
Cmd: preprocess
  insize=3370 outsize=528 ok=1
Cmd: preprocess
  insize=5257 outsize=534 ok=1
Cmd: preprocess
  insize=3344 outsize=528 ok=1
Cmd: preprocess
  insize=11509 outsize=644 ok=1
Cmd: preprocess
  insize=17417 outsize=754 ok=1
Cmd: preprocess
  insize=6727 outsize=535 ok=1
Cmd: preprocess
  insize=6609 outsize=644 ok=1
Cmd: preprocess
  insize=4320 outsize=642 ok=1
Cmd: preprocess
  insize=3370 outsize=528 ok=1
Cmd: preprocess
  insize=4039 outsize=535 ok=1
Cmd: preprocess
  insize=6069 outsize=524 ok=1
Cmd: preprocess
  insize=3586 outsize=524 ok=1
Cmd: preprocess
  insize=3397 outsize=528 ok=1
Cmd: preprocess
  insize=5795 outsize=528 ok=1
Cmd: preprocess
  insize=6281 outsize=529 ok=1
Cmd: preprocess
  insize=6039 outsize=756 ok=1
Cmd: preprocess
  insize=6357 outsize=759 ok=1
Cmd: preprocess
  insize=7383 outsize=874 ok=1
Cmd: preprocess
  insize=5684 outsize=753 ok=1
Cmd: preprocess
  insize=3466 outsize=534 ok=1
Cmd: preprocess
  insize=5357 outsize=754 ok=1
Cmd: preprocess
  insize=6034 outsize=754 ok=1
Cmd: preprocess
  insize=4541 outsize=640 ok=1
Cmd: preprocess
  insize=4370 outsize=643 ok=1
Cmd: preprocess
  insize=4608 outsize=648 ok=1
Cmd: preprocess
  insize=7421 outsize=644 ok=1
Cmd: preprocess
  insize=5257 outsize=534 ok=1
Cmd: preprocess
  insize=3255 outsize=521 ok=1
Cmd: preprocess
  insize=7318 outsize=875 ok=1
Cmd: preprocess
  insize=4210 outsize=649 ok=1
Cmd: preprocess
  insize=4116 outsize=650 ok=1
Cmd: preprocess
  insize=4116 outsize=650 ok=1
Cmd: preprocess
  insize=4210 outsize=649 ok=1
Cmd: preprocess
  insize=4116 outsize=649 ok=1
Cmd: preprocess
  insize=4116 outsize=650 ok=1
Cmd: preprocess
  insize=4116 outsize=650 ok=1
Cmd: preprocess
  insize=97044 outsize=3505 ok=1
Cmd: preprocess
  insize=4775 outsize=524 ok=1
Cmd: preprocess
  insize=14887 outsize=640 ok=1
Cmd: preprocess
  insize=15304 outsize=640 ok=1
Cmd: preprocess
  insize=6700 outsize=535 ok=1
Cmd: preprocess
  insize=3882 outsize=524 ok=1
Cmd: preprocess
  insize=3980 outsize=523 ok=1
Cmd: preprocess
  insize=3743 outsize=528 ok=1
Cmd: preprocess
  insize=4775 outsize=523 ok=1
Cmd: preprocess
  insize=3980 outsize=523 ok=1
Cmd: preprocess
  insize=3743 outsize=528 ok=1
Cmd: preprocess
  insize=4775 outsize=524 ok=1
Cmd: preprocess
  insize=5520 outsize=525 ok=1
Cmd: preprocess
  insize=6155 outsize=525 ok=1
Cmd: preprocess
  insize=3980 outsize=523 ok=1
Cmd: preprocess
  insize=3743 outsize=528 ok=1
Cmd: preprocess
  insize=4775 outsize=523 ok=1
Cmd: preprocess
  insize=3980 outsize=522 ok=1
Cmd: preprocess
  insize=3743 outsize=528 ok=1
Cmd: preprocess
  insize=4775 outsize=524 ok=1
Cmd: preprocess
  insize=6790 outsize=525 ok=1
Cmd: preprocess
  insize=7425 outsize=525 ok=1
Cmd: preprocess
  insize=87951 outsize=3516 ok=1
Cmd: preprocess
  insize=87951 outsize=3516 ok=1
Cmd: preprocess
  insize=811 outsize=209 ok=1
Cmd: preprocess
  insize=811 outsize=209 ok=1
Cmd: preprocess
  insize=811 outsize=209 ok=1
Cmd: preprocess
  insize=811 outsize=209 ok=1
Cmd: preprocess
  insize=811 outsize=209 ok=1
Cmd: preprocess
  insize=811 outsize=209 ok=1
Cmd: preprocess
  insize=811 outsize=209 ok=1
Cmd: preprocess
  insize=811 outsize=209 ok=1
Cmd: preprocess
  insize=811 outsize=209 ok=1
Cmd: preprocess
  insize=811 outsize=209 ok=1
Cmd: preprocess
  insize=811 outsize=209 ok=1
Cmd: preprocess
  insize=811 outsize=209 ok=1
Cmd: preprocess
  insize=811 outsize=209 ok=1
Cmd: preprocess
  insize=811 outsize=209 ok=1
Cmd: preprocess
  insize=811 outsize=209 ok=1
Cmd: preprocess
  insize=811 outsize=209 ok=1
Cmd: preprocess
  insize=811 outsize=209 ok=1
Cmd: preprocess
  insize=811 outsize=209 ok=1
Cmd: preprocess
  insize=811 outsize=209 ok=1
Cmd: preprocess
  insize=811 outsize=209 ok=1
Cmd: preprocess
  insize=811 outsize=209 ok=1
Cmd: preprocess
  insize=811 outsize=209 ok=1
Cmd: preprocess
  insize=811 outsize=209 ok=1
Cmd: preprocess
  insize=811 outsize=209 ok=1
Cmd: preprocess
  insize=811 outsize=209 ok=1
Cmd: preprocess
  insize=811 outsize=209 ok=1
Cmd: preprocess
  insize=811 outsize=209 ok=1
Cmd: preprocess
  insize=811 outsize=209 ok=1
Cmd: preprocess
  insize=811 outsize=209 ok=1
Cmd: preprocess
  insize=811 outsize=209 ok=1
Cmd: preprocess
  insize=811 outsize=209 ok=1
Cmd: preprocess
  insize=811 outsize=209 ok=1
Cmd: preprocess
  insize=811 outsize=209 ok=1
Cmd: preprocess
  insize=811 outsize=209 ok=1
Cmd: preprocess
  insize=811 outsize=209 ok=1
Cmd: preprocess
  insize=811 outsize=209 ok=1
Cmd: preprocess
  insize=811 outsize=209 ok=1
Cmd: preprocess
  insize=811 outsize=209 ok=1
Cmd: preprocess
  insize=811 outsize=209 ok=1
Cmd: preprocess
  insize=811 outsize=209 ok=1
Cmd: preprocess
  insize=811 outsize=209 ok=1
Cmd: preprocess
  insize=811 outsize=209 ok=1
Cmd: preprocess
  insize=811 outsize=209 ok=1
Cmd: preprocess
  insize=811 outsize=209 ok=1
Cmd: preprocess
  insize=811 outsize=209 ok=1
Cmd: preprocess
  insize=811 outsize=209 ok=1
Cmd: preprocess
  insize=811 outsize=209 ok=1
Cmd: preprocess
  insize=811 outsize=209 ok=1
Cmd: preprocess
  insize=811 outsize=209 ok=1
Cmd: preprocess
  insize=811 outsize=209 ok=1
Cmd: preprocess
  insize=811 outsize=209 ok=1
Cmd: preprocess
  insize=811 outsize=209 ok=1
Cmd: preprocess
  insize=811 outsize=209 ok=1
Cmd: preprocess
  insize=811 outsize=209 ok=1
Cmd: preprocess
  insize=811 outsize=209 ok=1
Cmd: preprocess
  insize=811 outsize=209 ok=1
Cmd: preprocess
  insize=811 outsize=209 ok=1
Cmd: preprocess
  insize=811 outsize=209 ok=1
Cmd: preprocess
  insize=811 outsize=209 ok=1
Cmd: preprocess
  insize=811 outsize=209 ok=1
Cmd: preprocess
  insize=811 outsize=209 ok=1
Cmd: preprocess
  insize=811 outsize=209 ok=1
Cmd: preprocess
  insize=811 outsize=209 ok=1
Cmd: preprocess
  insize=811 outsize=209 ok=1
Cmd: preprocess
  insize=811 outsize=209 ok=1
Cmd: preprocess
  insize=811 outsize=209 ok=1
Cmd: preprocess
  insize=811 outsize=209 ok=1
Cmd: preprocess
  insize=811 outsize=209 ok=1
Cmd: preprocess
  insize=811 outsize=209 ok=1
Cmd: preprocess
  insize=811 outsize=209 ok=1
Cmd: preprocess
  insize=811 outsize=209 ok=1
Cmd: preprocess
  insize=811 outsize=209 ok=1
Cmd: preprocess
  insize=811 outsize=209 ok=1
Cmd: preprocess
  insize=811 outsize=209 ok=1
Cmd: preprocess
  insize=811 outsize=209 ok=1
Cmd: preprocess
  insize=6700 outsize=535 ok=1
Cmd: preprocess
  insize=11159 outsize=640 ok=1
Cmd: preprocess
  insize=3980 outsize=523 ok=1
Cmd: preprocess
  insize=3743 outsize=528 ok=1
Cmd: preprocess
  insize=3559 outsize=524 ok=1
Cmd: preprocess
  insize=3370 outsize=528 ok=1
Cmd: preprocess
  insize=5257 outsize=534 ok=1
Cmd: preprocess
  insize=3344 outsize=528 ok=1
Cmd: preprocess
  insize=11509 outsize=644 ok=1
Cmd: preprocess
  insize=17417 outsize=754 ok=1
Cmd: preprocess
  insize=6727 outsize=535 ok=1
Cmd: preprocess
  insize=6609 outsize=644 ok=1
Cmd: preprocess
  insize=4320 outsize=642 ok=1
Cmd: preprocess
  insize=3370 outsize=528 ok=1
Cmd: preprocess
  insize=4039 outsize=535 ok=1
Cmd: preprocess
  insize=6069 outsize=524 ok=1
Cmd: preprocess
  insize=3586 outsize=524 ok=1
Cmd: preprocess
  insize=3397 outsize=528 ok=1
Cmd: preprocess
  insize=5795 outsize=528 ok=1
Cmd: preprocess
  insize=6281 outsize=529 ok=1
Cmd: preprocess
  insize=6039 outsize=756 ok=1
Cmd: preprocess
  insize=6357 outsize=759 ok=1
Cmd: preprocess
  insize=7383 outsize=874 ok=1
Cmd: preprocess
  insize=5684 outsize=753 ok=1
Cmd: preprocess
  insize=3466 outsize=534 ok=1
Cmd: preprocess
  insize=5357 outsize=754 ok=1
Cmd: preprocess
  insize=6034 outsize=754 ok=1
Cmd: preprocess
  insize=4541 outsize=640 ok=1
Cmd: preprocess
  insize=4370 outsize=643 ok=1
Cmd: preprocess
  insize=4608 outsize=648 ok=1
Cmd: preprocess
  insize=7421 outsize=644 ok=1
Cmd: preprocess
  insize=5257 outsize=534 ok=1
Cmd: preprocess
  insize=3255 outsize=521 ok=1
Cmd: preprocess
  insize=7318 outsize=875 ok=1
Cmd: preprocess
  insize=4210 outsize=649 ok=1
Cmd: preprocess
  insize=4116 outsize=650 ok=1
Cmd: preprocess
  insize=4116 outsize=650 ok=1
Cmd: preprocess
  insize=4210 outsize=649 ok=1
Cmd: preprocess
  insize=4116 outsize=649 ok=1
Cmd: preprocess
  insize=4116 outsize=650 ok=1
Cmd: preprocess
  insize=4116 outsize=650 ok=1
Cmd: preprocess
  insize=97044 outsize=3505 ok=1
Cmd: preprocess
  insize=4775 outsize=524 ok=1
Cmd: preprocess
  insize=14887 outsize=640 ok=1
Cmd: preprocess
  insize=15304 outsize=640 ok=1
Cmd: preprocess
  insize=6700 outsize=535 ok=1
Cmd: preprocess
  insize=3882 outsize=524 ok=1
Cmd: preprocess
  insize=3980 outsize=523 ok=1
Cmd: preprocess
  insize=3743 outsize=528 ok=1
Cmd: preprocess
  insize=4775 outsize=523 ok=1
Cmd: preprocess
  insize=3980 outsize=523 ok=1
Cmd: preprocess
  insize=3743 outsize=528 ok=1
Cmd: preprocess
  insize=4775 outsize=524 ok=1
Cmd: preprocess
  insize=5520 outsize=525 ok=1
Cmd: preprocess
  insize=6155 outsize=525 ok=1
Cmd: preprocess
  insize=3980 outsize=523 ok=1
Cmd: preprocess
  insize=3743 outsize=528 ok=1
Cmd: preprocess
  insize=4775 outsize=523 ok=1
Cmd: preprocess
  insize=3980 outsize=522 ok=1
Cmd: preprocess
  insize=3743 outsize=528 ok=1
Cmd: preprocess
  insize=4775 outsize=524 ok=1
Cmd: preprocess
  insize=6790 outsize=525 ok=1
Cmd: preprocess
  insize=7425 outsize=525 ok=1
Cmd: preprocess
  insize=6281 outsize=529 ok=1
Cmd: preprocess
  insize=7421 outsize=644 ok=1
Cmd: preprocess
  insize=17417 outsize=754 ok=1
Cmd: preprocess
  insize=97044 outsize=3505 ok=1
Cmd: preprocess
  insize=4608 outsize=648 ok=1
Cmd: preprocess
  insize=6034 outsize=754 ok=1
Cmd: preprocess
  insize=7318 outsize=875 ok=1
Cmd: preprocess
  insize=6357 outsize=759 ok=1
Cmd: preprocess
  insize=7383 outsize=874 ok=1
Cmd: preprocess
  insize=3397 outsize=528 ok=1
Cmd: preprocess
  insize=3586 outsize=524 ok=1
Cmd: preprocess
  insize=5795 outsize=528 ok=1
Cmd: preprocess
  insize=6727 outsize=535 ok=1
Cmd: preprocess
  insize=6069 outsize=524 ok=1
Cmd: preprocess
  insize=811 outsize=209 ok=1
Cmd: preprocess
  insize=811 outsize=209 ok=1
Cmd: preprocess
  insize=811 outsize=209 ok=1
Cmd: preprocess
  insize=811 outsize=209 ok=1
Cmd: preprocess
  insize=811 outsize=209 ok=1
Cmd: preprocess
  insize=811 outsize=209 ok=1
Cmd: preprocess
  insize=811 outsize=209 ok=1
Cmd: preprocess
  insize=811 outsize=209 ok=1
Cmd: preprocess
  insize=811 outsize=209 ok=1
Cmd: preprocess
  insize=811 outsize=209 ok=1
Cmd: preprocess
  insize=811 outsize=209 ok=1
Cmd: preprocess
  insize=811 outsize=209 ok=1
Cmd: preprocess
  insize=811 outsize=209 ok=1
Cmd: preprocess
  insize=811 outsize=209 ok=1
Cmd: preprocess
  insize=811 outsize=209 ok=1
Cmd: preprocess
  insize=811 outsize=209 ok=1
Cmd: preprocess
  insize=811 outsize=209 ok=1
Cmd: preprocess
  insize=811 outsize=209 ok=1
Cmd: preprocess
  insize=811 outsize=209 ok=1
Cmd: preprocess
  insize=811 outsize=209 ok=1
Cmd: preprocess
  insize=811 outsize=209 ok=1
Cmd: preprocess
  insize=811 outsize=209 ok=1
Cmd: preprocess
  insize=811 outsize=209 ok=1
Cmd: preprocess
  insize=811 outsize=209 ok=1
Cmd: preprocess
  insize=811 outsize=209 ok=1
Cmd: preprocess
  insize=811 outsize=209 ok=1
Cmd: preprocess
  insize=811 outsize=209 ok=1
Cmd: preprocess
  insize=811 outsize=209 ok=1
Cmd: preprocess
  insize=811 outsize=209 ok=1
Cmd: preprocess
  insize=811 outsize=209 ok=1
Cmd: preprocess
  insize=811 outsize=209 ok=1
Cmd: preprocess
  insize=811 outsize=209 ok=1
Cmd: preprocess
  insize=811 outsize=209 ok=1
Cmd: preprocess
  insize=811 outsize=209 ok=1
Cmd: preprocess
  insize=811 outsize=209 ok=1
Cmd: preprocess
  insize=811 outsize=209 ok=1
Cmd: preprocess
  insize=811 outsize=209 ok=1
Cmd: preprocess
  insize=811 outsize=209 ok=1
Cmd: preprocess
  insize=811 outsize=209 ok=1
Cmd: preprocess
  insize=811 outsize=209 ok=1
Cmd: preprocess
  insize=811 outsize=209 ok=1
Cmd: preprocess
  insize=811 outsize=209 ok=1
Cmd: preprocess
  insize=811 outsize=209 ok=1
Cmd: preprocess
  insize=811 outsize=209 ok=1
Cmd: preprocess
  insize=811 outsize=209 ok=1
Cmd: preprocess
  insize=811 outsize=209 ok=1
Cmd: preprocess
  insize=811 outsize=209 ok=1
Cmd: preprocess
  insize=811 outsize=209 ok=1
Cmd: preprocess
  insize=811 outsize=209 ok=1
Cmd: preprocess
  insize=811 outsize=209 ok=1
Cmd: preprocess
  insize=811 outsize=209 ok=1
Cmd: preprocess
  insize=811 outsize=209 ok=1
Cmd: preprocess
  insize=811 outsize=209 ok=1
Cmd: preprocess
  insize=811 outsize=209 ok=1
Cmd: preprocess
  insize=811 outsize=209 ok=1
Cmd: preprocess
  insize=811 outsize=209 ok=1
Cmd: preprocess
  insize=811 outsize=209 ok=1
Cmd: preprocess
  insize=811 outsize=209 ok=1
Cmd: preprocess
  insize=811 outsize=209 ok=1
Cmd: preprocess
  insize=811 outsize=209 ok=1
Cmd: preprocess
  insize=811 outsize=209 ok=1
Cmd: preprocess
  insize=811 outsize=209 ok=1
Cmd: preprocess
  insize=811 outsize=209 ok=1
Cmd: preprocess
  insize=811 outsize=209 ok=1
Cmd: preprocess
  insize=811 outsize=209 ok=1
Cmd: preprocess
  insize=811 outsize=209 ok=1
Cmd: preprocess
  insize=811 outsize=209 ok=1
Cmd: preprocess
  insize=811 outsize=209 ok=1
Cmd: preprocess
  insize=811 outsize=209 ok=1
Cmd: preprocess
  insize=811 outsize=209 ok=1
Cmd: preprocess
  insize=811 outsize=209 ok=1
Cmd: preprocess
  insize=811 outsize=209 ok=1
Cmd: preprocess
  insize=811 outsize=209 ok=1
Cmd: preprocess
  insize=811 outsize=209 ok=1
Cmd: preprocess
  insize=811 outsize=209 ok=1
Cmd: preprocess
  insize=6700 outsize=535 ok=1
Cmd: preprocess
  insize=11159 outsize=640 ok=1
Cmd: preprocess
  insize=3980 outsize=523 ok=1
Cmd: preprocess
  insize=3743 outsize=528 ok=1
Cmd: preprocess
  insize=3559 outsize=524 ok=1
Cmd: preprocess
  insize=3370 outsize=528 ok=1
Cmd: preprocess
  insize=5257 outsize=534 ok=1
Cmd: preprocess
  insize=3344 outsize=528 ok=1
Cmd: preprocess
  insize=11509 outsize=644 ok=1
Cmd: preprocess
  insize=17417 outsize=754 ok=1
Cmd: preprocess
  insize=6727 outsize=535 ok=1
Cmd: preprocess
  insize=6609 outsize=644 ok=1
Cmd: preprocess
  insize=4320 outsize=642 ok=1
Cmd: preprocess
  insize=3370 outsize=528 ok=1
Cmd: preprocess
  insize=4039 outsize=535 ok=1
Cmd: preprocess
  insize=6069 outsize=524 ok=1
Cmd: preprocess
  insize=3586 outsize=524 ok=1
Cmd: preprocess
  insize=3397 outsize=528 ok=1
Cmd: preprocess
  insize=5795 outsize=528 ok=1
Cmd: preprocess
  insize=6281 outsize=529 ok=1
Cmd: preprocess
  insize=6039 outsize=756 ok=1
Cmd: preprocess
  insize=6357 outsize=759 ok=1
Cmd: preprocess
  insize=7383 outsize=874 ok=1
Cmd: preprocess
  insize=5684 outsize=753 ok=1
Cmd: preprocess
  insize=3466 outsize=534 ok=1
Cmd: preprocess
  insize=5357 outsize=754 ok=1
Cmd: preprocess
  insize=6034 outsize=754 ok=1
Cmd: preprocess
  insize=4541 outsize=640 ok=1
Cmd: preprocess
  insize=4370 outsize=643 ok=1
Cmd: preprocess
  insize=4608 outsize=648 ok=1
Cmd: preprocess
  insize=7421 outsize=644 ok=1
Cmd: preprocess
  insize=5257 outsize=534 ok=1
Cmd: preprocess
  insize=3255 outsize=521 ok=1
Cmd: preprocess
  insize=7318 outsize=875 ok=1
Cmd: preprocess
  insize=4210 outsize=649 ok=1
Cmd: preprocess
  insize=4116 outsize=650 ok=1
Cmd: preprocess
  insize=4116 outsize=650 ok=1
Cmd: preprocess
  insize=4210 outsize=649 ok=1
Cmd: preprocess
  insize=4116 outsize=649 ok=1
Cmd: preprocess
  insize=4116 outsize=650 ok=1
Cmd: preprocess
  insize=4116 outsize=650 ok=1
Cmd: preprocess
  insize=97044 outsize=3505 ok=1
Cmd: preprocess
  insize=4775 outsize=524 ok=1
Cmd: preprocess
  insize=14887 outsize=640 ok=1
Cmd: preprocess
  insize=15304 outsize=640 ok=1
Cmd: preprocess
  insize=6700 outsize=535 ok=1
Cmd: preprocess
  insize=3882 outsize=524 ok=1
Cmd: preprocess
  insize=3980 outsize=523 ok=1
Cmd: preprocess
  insize=3743 outsize=528 ok=1
Cmd: preprocess
  insize=4775 outsize=523 ok=1
Cmd: preprocess
  insize=3980 outsize=523 ok=1
Cmd: preprocess
  insize=3743 outsize=528 ok=1
Cmd: preprocess
  insize=4775 outsize=524 ok=1
Cmd: preprocess
  insize=5520 outsize=525 ok=1
Cmd: preprocess
  insize=6155 outsize=525 ok=1
Cmd: preprocess
  insize=3980 outsize=523 ok=1
Cmd: preprocess
  insize=3743 outsize=528 ok=1
Cmd: preprocess
  insize=4775 outsize=523 ok=1
Cmd: preprocess
  insize=3980 outsize=522 ok=1
Cmd: preprocess
  insize=3743 outsize=528 ok=1
Cmd: preprocess
  insize=4775 outsize=524 ok=1
Cmd: preprocess
  insize=6790 outsize=525 ok=1
Cmd: preprocess
  insize=7425 outsize=525 ok=1
Cmd: preprocess
  insize=6281 outsize=529 ok=1
Cmd: preprocess
  insize=7421 outsize=644 ok=1
Cmd: preprocess
  insize=17417 outsize=754 ok=1
Cmd: preprocess
  insize=97044 outsize=3505 ok=1
Cmd: preprocess
  insize=4608 outsize=648 ok=1
Cmd: preprocess
  insize=6034 outsize=754 ok=1
Cmd: preprocess
  insize=7318 outsize=875 ok=1
Cmd: preprocess
  insize=6357 outsize=759 ok=1
Cmd: preprocess
  insize=7383 outsize=874 ok=1
Cmd: preprocess
  insize=3397 outsize=528 ok=1
Cmd: preprocess
  insize=3586 outsize=524 ok=1
Cmd: preprocess
  insize=5795 outsize=528 ok=1
Cmd: preprocess
  insize=6727 outsize=535 ok=1
Cmd: preprocess
  insize=6069 outsize=524 ok=1
Cmd: compileSnippet
  api=14 type=0 insize=24887 outsize=3002 kw=UNITY_PASS_META pd=UNITY_ENABLE_REFLECTION_BUFFERS UNITY_USE_DITHER_MASK_FOR_ALPHABLENDED_SHADOWS UNITY_PBS_USE_BRDF1 UNITY_SPECCUBE_BOX_PROJECTION UNITY_SPECCUBE_BLENDING UNITY_ENABLE_DETAIL_NORMALMAP SHADER_API_DESKTOP UNITY_LIGHT_PROBE_PROXY_VOLUME UNITY_LIGHTMAP_RGBM_ENCODING ok=1
Cmd: compileSnippet
  api=14 type=1 insize=24887 outsize=21586 kw=UNITY_PASS_META pd=UNITY_ENABLE_REFLECTION_BUFFERS UNITY_USE_DITHER_MASK_FOR_ALPHABLENDED_SHADOWS UNITY_PBS_USE_BRDF1 UNITY_SPECCUBE_BOX_PROJECTION UNITY_SPECCUBE_BLENDING UNITY_ENABLE_DETAIL_NORMALMAP SHADER_API_DESKTOP UNITY_LIGHT_PROBE_PROXY_VOLUME UNITY_LIGHTMAP_RGBM_ENCODING ok=1
Cmd: preprocess
  insize=811 outsize=209 ok=1
Cmd: preprocess
  insize=811 outsize=209 ok=1
Cmd: preprocess
  insize=811 outsize=209 ok=1
Cmd: preprocess
  insize=811 outsize=209 ok=1
Cmd: preprocess
  insize=811 outsize=209 ok=1
Cmd: preprocess
  insize=811 outsize=209 ok=1
Cmd: preprocess
  insize=811 outsize=209 ok=1
Cmd: preprocess
  insize=811 outsize=209 ok=1
Cmd: preprocess
  insize=811 outsize=209 ok=1
Cmd: preprocess
  insize=811 outsize=209 ok=1
Cmd: preprocess
  insize=811 outsize=209 ok=1
Cmd: preprocess
  insize=811 outsize=209 ok=1
Cmd: preprocess
  insize=811 outsize=209 ok=1
Cmd: preprocess
  insize=811 outsize=209 ok=1
Cmd: preprocess
  insize=811 outsize=209 ok=1
Cmd: preprocess
  insize=811 outsize=209 ok=1
Cmd: preprocess
  insize=811 outsize=209 ok=1
Cmd: preprocess
  insize=811 outsize=209 ok=1
Cmd: preprocess
  insize=811 outsize=209 ok=1
Cmd: preprocess
  insize=811 outsize=209 ok=1
Cmd: preprocess
  insize=811 outsize=209 ok=1
Cmd: preprocess
  insize=811 outsize=209 ok=1
Cmd: preprocess
  insize=811 outsize=209 ok=1
Cmd: preprocess
  insize=811 outsize=209 ok=1
Cmd: preprocess
  insize=811 outsize=209 ok=1
Cmd: preprocess
  insize=811 outsize=209 ok=1
Cmd: preprocess
  insize=811 outsize=209 ok=1
Cmd: preprocess
  insize=811 outsize=209 ok=1
Cmd: preprocess
  insize=811 outsize=209 ok=1
Cmd: preprocess
  insize=811 outsize=209 ok=1
Cmd: preprocess
  insize=811 outsize=209 ok=1
Cmd: preprocess
  insize=811 outsize=209 ok=1
Cmd: preprocess
  insize=811 outsize=209 ok=1
Cmd: preprocess
  insize=811 outsize=209 ok=1
Cmd: preprocess
  insize=811 outsize=209 ok=1
Cmd: preprocess
  insize=811 outsize=209 ok=1
Cmd: preprocess
  insize=811 outsize=209 ok=1
Cmd: preprocess
  insize=811 outsize=209 ok=1
Cmd: preprocess
  insize=811 outsize=209 ok=1
Cmd: preprocess
  insize=811 outsize=209 ok=1
Cmd: preprocess
  insize=811 outsize=209 ok=1
Cmd: preprocess
  insize=811 outsize=209 ok=1
Cmd: preprocess
  insize=811 outsize=209 ok=1
Cmd: preprocess
  insize=811 outsize=209 ok=1
Cmd: preprocess
  insize=811 outsize=209 ok=1
Cmd: preprocess
  insize=811 outsize=209 ok=1
Cmd: preprocess
  insize=811 outsize=209 ok=1
Cmd: preprocess
  insize=811 outsize=209 ok=1
Cmd: preprocess
  insize=811 outsize=209 ok=1
Cmd: preprocess
  insize=811 outsize=209 ok=1
Cmd: preprocess
  insize=811 outsize=209 ok=1
Cmd: preprocess
  insize=811 outsize=209 ok=1
Cmd: preprocess
  insize=811 outsize=209 ok=1
Cmd: preprocess
  insize=811 outsize=209 ok=1
Cmd: preprocess
  insize=811 outsize=209 ok=1
Cmd: preprocess
  insize=811 outsize=209 ok=1
Cmd: preprocess
  insize=811 outsize=209 ok=1
Cmd: preprocess
  insize=811 outsize=209 ok=1
Cmd: preprocess
  insize=811 outsize=209 ok=1
Cmd: preprocess
  insize=811 outsize=209 ok=1
Cmd: preprocess
  insize=811 outsize=209 ok=1
Cmd: preprocess
  insize=811 outsize=209 ok=1
Cmd: preprocess
  insize=811 outsize=209 ok=1
Cmd: preprocess
  insize=811 outsize=209 ok=1
Cmd: preprocess
  insize=811 outsize=209 ok=1
Cmd: preprocess
  insize=811 outsize=209 ok=1
Cmd: preprocess
  insize=811 outsize=209 ok=1
Cmd: preprocess
  insize=811 outsize=209 ok=1
Cmd: preprocess
  insize=811 outsize=209 ok=1
Cmd: preprocess
  insize=811 outsize=209 ok=1
Cmd: preprocess
  insize=811 outsize=209 ok=1
Cmd: preprocess
  insize=811 outsize=209 ok=1
Cmd: preprocess
  insize=811 outsize=209 ok=1
Cmd: preprocess
  insize=811 outsize=209 ok=1
Cmd: preprocess
  insize=811 outsize=209 ok=1
Cmd: preprocess
  insize=6700 outsize=535 ok=1
Cmd: preprocess
  insize=11159 outsize=640 ok=1
Cmd: preprocess
  insize=3980 outsize=523 ok=1
Cmd: preprocess
  insize=3743 outsize=528 ok=1
Cmd: preprocess
  insize=3559 outsize=524 ok=1
Cmd: preprocess
  insize=3370 outsize=528 ok=1
Cmd: preprocess
  insize=5257 outsize=534 ok=1
Cmd: preprocess
  insize=3344 outsize=528 ok=1
Cmd: preprocess
  insize=11509 outsize=644 ok=1
Cmd: preprocess
  insize=17417 outsize=754 ok=1
Cmd: preprocess
  insize=6727 outsize=535 ok=1
Cmd: preprocess
  insize=6609 outsize=644 ok=1
Cmd: preprocess
  insize=4320 outsize=642 ok=1
Cmd: preprocess
  insize=3370 outsize=528 ok=1
Cmd: preprocess
  insize=4039 outsize=535 ok=1
Cmd: preprocess
  insize=6069 outsize=524 ok=1
Cmd: preprocess
  insize=3586 outsize=524 ok=1
Cmd: preprocess
  insize=3397 outsize=528 ok=1
Cmd: preprocess
  insize=5795 outsize=528 ok=1
Cmd: preprocess
  insize=6281 outsize=529 ok=1
Cmd: preprocess
  insize=6039 outsize=756 ok=1
Cmd: preprocess
  insize=6357 outsize=759 ok=1
Cmd: preprocess
  insize=7383 outsize=874 ok=1
Cmd: preprocess
  insize=5684 outsize=753 ok=1
Cmd: preprocess
  insize=3466 outsize=534 ok=1
Cmd: preprocess
  insize=5357 outsize=754 ok=1
Cmd: preprocess
  insize=6034 outsize=754 ok=1
Cmd: preprocess
  insize=4541 outsize=640 ok=1
Cmd: preprocess
  insize=4370 outsize=643 ok=1
Cmd: preprocess
  insize=4608 outsize=648 ok=1
Cmd: preprocess
  insize=7421 outsize=644 ok=1
Cmd: preprocess
  insize=5257 outsize=534 ok=1
Cmd: preprocess
  insize=3255 outsize=521 ok=1
Cmd: preprocess
  insize=7318 outsize=875 ok=1
Cmd: preprocess
  insize=4210 outsize=649 ok=1
Cmd: preprocess
  insize=4116 outsize=650 ok=1
Cmd: preprocess
  insize=4116 outsize=650 ok=1
Cmd: preprocess
  insize=4210 outsize=649 ok=1
Cmd: preprocess
  insize=4116 outsize=649 ok=1
Cmd: preprocess
  insize=4116 outsize=650 ok=1
Cmd: preprocess
  insize=4116 outsize=650 ok=1
Cmd: preprocess
  insize=97044 outsize=3505 ok=1
Cmd: preprocess
  insize=4775 outsize=524 ok=1
Cmd: preprocess
  insize=14887 outsize=640 ok=1
Cmd: preprocess
  insize=15304 outsize=640 ok=1
Cmd: preprocess
  insize=6700 outsize=535 ok=1
Cmd: preprocess
  insize=3882 outsize=524 ok=1
Cmd: preprocess
  insize=3980 outsize=523 ok=1
Cmd: preprocess
  insize=3743 outsize=528 ok=1
Cmd: preprocess
  insize=4775 outsize=523 ok=1
Cmd: preprocess
  insize=3980 outsize=523 ok=1
Cmd: preprocess
  insize=3743 outsize=528 ok=1
Cmd: preprocess
  insize=4775 outsize=524 ok=1
Cmd: preprocess
  insize=5520 outsize=525 ok=1
Cmd: preprocess
  insize=6155 outsize=525 ok=1
Cmd: preprocess
  insize=3980 outsize=523 ok=1
Cmd: preprocess
  insize=3743 outsize=528 ok=1
Cmd: preprocess
  insize=4775 outsize=523 ok=1
Cmd: preprocess
  insize=3980 outsize=522 ok=1
Cmd: preprocess
  insize=3743 outsize=528 ok=1
Cmd: preprocess
  insize=4775 outsize=524 ok=1
Cmd: preprocess
  insize=6790 outsize=525 ok=1
Cmd: preprocess
  insize=7425 outsize=525 ok=1
Cmd: preprocess
  insize=6281 outsize=529 ok=1
Cmd: preprocess
  insize=7421 outsize=644 ok=1
Cmd: preprocess
  insize=17417 outsize=754 ok=1
Cmd: preprocess
  insize=97044 outsize=3505 ok=1
Cmd: preprocess
  insize=4608 outsize=648 ok=1
Cmd: preprocess
  insize=6034 outsize=754 ok=1
Cmd: preprocess
  insize=7318 outsize=875 ok=1
Cmd: preprocess
  insize=6357 outsize=759 ok=1
Cmd: preprocess
  insize=7383 outsize=874 ok=1
Cmd: preprocess
  insize=3397 outsize=528 ok=1
Cmd: preprocess
  insize=3586 outsize=524 ok=1
Cmd: preprocess
  insize=5795 outsize=528 ok=1
Cmd: preprocess
  insize=6727 outsize=535 ok=1
Cmd: preprocess
  insize=6069 outsize=524 ok=1
Cmd: preprocess
  insize=94147 outsize=3277 ok=1
Cmd: compileSnippet
  api=14 type=0 insize=8737 outsize=2932 kw=UNITY_PASS_SHADOWCASTER pd=UNITY_ENABLE_REFLECTION_BUFFERS UNITY_USE_DITHER_MASK_FOR_ALPHABLENDED_SHADOWS UNITY_PBS_USE_BRDF1 UNITY_SPECCUBE_BOX_PROJECTION UNITY_SPECCUBE_BLENDING UNITY_ENABLE_DETAIL_NORMALMAP SHADER_API_DESKTOP UNITY_LIGHT_PROBE_PROXY_VOLUME UNITY_LIGHTMAP_RGBM_ENCODING ok=1
Cmd: preprocess
  insize=811 outsize=209 ok=1
Cmd: preprocess
  insize=811 outsize=209 ok=1
Cmd: preprocess
  insize=811 outsize=209 ok=1
Cmd: preprocess
  insize=811 outsize=209 ok=1
Cmd: preprocess
  insize=811 outsize=209 ok=1
Cmd: preprocess
  insize=811 outsize=209 ok=1
Cmd: preprocess
  insize=811 outsize=209 ok=1
Cmd: preprocess
  insize=811 outsize=209 ok=1
Cmd: preprocess
  insize=811 outsize=209 ok=1
Cmd: preprocess
  insize=811 outsize=209 ok=1
Cmd: preprocess
  insize=811 outsize=209 ok=1
Cmd: preprocess
  insize=811 outsize=209 ok=1
Cmd: preprocess
  insize=811 outsize=209 ok=1
Cmd: preprocess
  insize=811 outsize=209 ok=1
Cmd: preprocess
  insize=811 outsize=209 ok=1
Cmd: preprocess
  insize=811 outsize=209 ok=1
Cmd: preprocess
  insize=811 outsize=209 ok=1
Cmd: preprocess
  insize=811 outsize=209 ok=1
Cmd: preprocess
  insize=811 outsize=209 ok=1
Cmd: preprocess
  insize=811 outsize=209 ok=1
Cmd: preprocess
  insize=811 outsize=209 ok=1
Cmd: preprocess
  insize=811 outsize=209 ok=1
Cmd: preprocess
  insize=811 outsize=209 ok=1
Cmd: preprocess
  insize=811 outsize=209 ok=1
Cmd: preprocess
  insize=811 outsize=209 ok=1
Cmd: preprocess
  insize=811 outsize=209 ok=1
Cmd: preprocess
  insize=811 outsize=209 ok=1
Cmd: preprocess
  insize=811 outsize=209 ok=1
Cmd: preprocess
  insize=811 outsize=209 ok=1
Cmd: preprocess
  insize=811 outsize=209 ok=1
Cmd: preprocess
  insize=811 outsize=209 ok=1
Cmd: preprocess
  insize=811 outsize=209 ok=1
Cmd: preprocess
  insize=811 outsize=209 ok=1
Cmd: preprocess
  insize=811 outsize=209 ok=1
Cmd: preprocess
  insize=811 outsize=209 ok=1
Cmd: preprocess
  insize=811 outsize=209 ok=1
Cmd: preprocess
  insize=811 outsize=209 ok=1
Cmd: preprocess
  insize=811 outsize=209 ok=1
Cmd: preprocess
  insize=811 outsize=209 ok=1
Cmd: preprocess
  insize=811 outsize=209 ok=1
Cmd: preprocess
  insize=811 outsize=209 ok=1
Cmd: preprocess
  insize=811 outsize=209 ok=1
Cmd: preprocess
  insize=811 outsize=209 ok=1
Cmd: preprocess
  insize=811 outsize=209 ok=1
Cmd: preprocess
  insize=811 outsize=209 ok=1
Cmd: preprocess
  insize=811 outsize=209 ok=1
Cmd: preprocess
  insize=811 outsize=209 ok=1
Cmd: preprocess
  insize=811 outsize=209 ok=1
Cmd: preprocess
  insize=811 outsize=209 ok=1
Cmd: preprocess
  insize=811 outsize=209 ok=1
Cmd: preprocess
  insize=811 outsize=209 ok=1
Cmd: preprocess
  insize=811 outsize=209 ok=1
Cmd: preprocess
  insize=811 outsize=209 ok=1
Cmd: preprocess
  insize=811 outsize=209 ok=1
Cmd: preprocess
  insize=811 outsize=209 ok=1
Cmd: preprocess
  insize=811 outsize=209 ok=1
Cmd: preprocess
  insize=811 outsize=209 ok=1
Cmd: preprocess
  insize=811 outsize=209 ok=1
Cmd: preprocess
  insize=811 outsize=209 ok=1
Cmd: preprocess
  insize=811 outsize=209 ok=1
Cmd: preprocess
  insize=811 outsize=209 ok=1
Cmd: preprocess
  insize=811 outsize=209 ok=1
Cmd: preprocess
  insize=811 outsize=209 ok=1
Cmd: preprocess
  insize=811 outsize=209 ok=1
Cmd: preprocess
  insize=811 outsize=209 ok=1
Cmd: preprocess
  insize=811 outsize=209 ok=1
Cmd: preprocess
  insize=811 outsize=209 ok=1
Cmd: preprocess
  insize=811 outsize=209 ok=1
Cmd: preprocess
  insize=811 outsize=209 ok=1
Cmd: preprocess
  insize=811 outsize=209 ok=1
Cmd: preprocess
  insize=811 outsize=209 ok=1
Cmd: preprocess
  insize=811 outsize=209 ok=1
Cmd: preprocess
  insize=811 outsize=209 ok=1
Cmd: preprocess
  insize=811 outsize=209 ok=1
Cmd: preprocess
  insize=11159 outsize=640 ok=1
Cmd: preprocess
  insize=3980 outsize=523 ok=1
Cmd: preprocess
  insize=3743 outsize=528 ok=1
Cmd: preprocess
  insize=3559 outsize=524 ok=1
Cmd: preprocess
  insize=3370 outsize=528 ok=1
Cmd: preprocess
  insize=5257 outsize=534 ok=1
Cmd: preprocess
  insize=3344 outsize=528 ok=1
Cmd: preprocess
  insize=11509 outsize=644 ok=1
Cmd: preprocess
  insize=17417 outsize=754 ok=1
Cmd: preprocess
  insize=6727 outsize=535 ok=1
Cmd: preprocess
  insize=6609 outsize=644 ok=1
Cmd: preprocess
  insize=4320 outsize=642 ok=1
Cmd: preprocess
  insize=3370 outsize=528 ok=1
Cmd: preprocess
  insize=4039 outsize=535 ok=1
Cmd: preprocess
  insize=6069 outsize=524 ok=1
Cmd: preprocess
  insize=3586 outsize=524 ok=1
Cmd: preprocess
  insize=3397 outsize=528 ok=1
Cmd: preprocess
  insize=5795 outsize=528 ok=1
Cmd: preprocess
  insize=6281 outsize=529 ok=1
Cmd: preprocess
  insize=6039 outsize=756 ok=1
Cmd: preprocess
  insize=6357 outsize=759 ok=1
Cmd: preprocess
  insize=7383 outsize=874 ok=1
Cmd: preprocess
  insize=5684 outsize=753 ok=1
Cmd: preprocess
  insize=3466 outsize=534 ok=1
Cmd: preprocess
  insize=5357 outsize=754 ok=1
Cmd: preprocess
  insize=6034 outsize=754 ok=1
Cmd: preprocess
  insize=4541 outsize=640 ok=1
Cmd: preprocess
  insize=4370 outsize=643 ok=1
Cmd: preprocess
  insize=4608 outsize=648 ok=1
Cmd: preprocess
  insize=7421 outsize=644 ok=1
Cmd: preprocess
  insize=5257 outsize=534 ok=1
Cmd: preprocess
  insize=3255 outsize=521 ok=1
Cmd: preprocess
  insize=7318 outsize=875 ok=1
Cmd: preprocess
  insize=4210 outsize=649 ok=1
Cmd: preprocess
  insize=4116 outsize=650 ok=1
Cmd: preprocess
  insize=4116 outsize=650 ok=1
Cmd: preprocess
  insize=4210 outsize=649 ok=1
Cmd: preprocess
  insize=4116 outsize=649 ok=1
Cmd: preprocess
  insize=4116 outsize=650 ok=1
Cmd: preprocess
  insize=4116 outsize=650 ok=1
Cmd: preprocess
  insize=97044 outsize=3505 ok=1
Cmd: preprocess
  insize=4775 outsize=524 ok=1
Cmd: preprocess
  insize=14887 outsize=640 ok=1
Cmd: preprocess
  insize=15304 outsize=640 ok=1
Cmd: preprocess
  insize=6700 outsize=535 ok=1
Cmd: preprocess
  insize=3882 outsize=524 ok=1
Cmd: preprocess
  insize=3980 outsize=523 ok=1
Cmd: preprocess
  insize=3743 outsize=528 ok=1
Cmd: preprocess
  insize=4775 outsize=523 ok=1
Cmd: preprocess
  insize=3980 outsize=523 ok=1
Cmd: preprocess
  insize=3743 outsize=528 ok=1
Cmd: preprocess
  insize=4775 outsize=524 ok=1
Cmd: preprocess
  insize=5520 outsize=525 ok=1
Cmd: preprocess
  insize=6155 outsize=525 ok=1
Cmd: preprocess
  insize=3980 outsize=523 ok=1
Cmd: preprocess
  insize=3743 outsize=528 ok=1
Cmd: preprocess
  insize=4775 outsize=523 ok=1
Cmd: preprocess
  insize=3980 outsize=522 ok=1
Cmd: preprocess
  insize=3743 outsize=528 ok=1
Cmd: preprocess
  insize=4775 outsize=524 ok=1
Cmd: preprocess
  insize=6790 outsize=525 ok=1
Cmd: preprocess
  insize=7425 outsize=525 ok=1
Cmd: preprocess
  insize=811 outsize=209 ok=1
Cmd: preprocess
  insize=811 outsize=209 ok=1
Cmd: preprocess
  insize=811 outsize=209 ok=1
Cmd: preprocess
  insize=811 outsize=209 ok=1
Cmd: preprocess
  insize=811 outsize=209 ok=1
Cmd: preprocess
  insize=811 outsize=209 ok=1
Cmd: preprocess
  insize=811 outsize=209 ok=1
Cmd: preprocess
  insize=811 outsize=209 ok=1
Cmd: preprocess
  insize=811 outsize=209 ok=1
Cmd: preprocess
  insize=811 outsize=209 ok=1
Cmd: preprocess
  insize=811 outsize=209 ok=1
Cmd: preprocess
  insize=811 outsize=209 ok=1
Cmd: preprocess
  insize=811 outsize=209 ok=1
Cmd: preprocess
  insize=811 outsize=209 ok=1
Cmd: preprocess
  insize=811 outsize=209 ok=1
Cmd: preprocess
  insize=811 outsize=209 ok=1
Cmd: preprocess
  insize=811 outsize=209 ok=1
Cmd: preprocess
  insize=811 outsize=209 ok=1
Cmd: preprocess
  insize=811 outsize=209 ok=1
Cmd: preprocess
  insize=811 outsize=209 ok=1
Cmd: preprocess
  insize=811 outsize=209 ok=1
Cmd: preprocess
  insize=811 outsize=209 ok=1
Cmd: preprocess
  insize=811 outsize=209 ok=1
Cmd: preprocess
  insize=811 outsize=209 ok=1
Cmd: preprocess
  insize=811 outsize=209 ok=1
Cmd: preprocess
  insize=811 outsize=209 ok=1
Cmd: preprocess
  insize=811 outsize=209 ok=1
Cmd: preprocess
  insize=811 outsize=209 ok=1
Cmd: preprocess
  insize=811 outsize=209 ok=1
Cmd: preprocess
  insize=811 outsize=209 ok=1
Cmd: preprocess
  insize=811 outsize=209 ok=1
Cmd: preprocess
  insize=811 outsize=209 ok=1
Cmd: preprocess
  insize=811 outsize=209 ok=1
Cmd: preprocess
  insize=811 outsize=209 ok=1
Cmd: preprocess
  insize=811 outsize=209 ok=1
Cmd: preprocess
  insize=811 outsize=209 ok=1
Cmd: preprocess
  insize=811 outsize=209 ok=1
Cmd: preprocess
  insize=811 outsize=209 ok=1
Cmd: preprocess
  insize=811 outsize=209 ok=1
Cmd: preprocess
  insize=811 outsize=209 ok=1
Cmd: preprocess
  insize=811 outsize=209 ok=1
Cmd: preprocess
  insize=811 outsize=209 ok=1
Cmd: preprocess
  insize=811 outsize=209 ok=1
Cmd: preprocess
  insize=811 outsize=209 ok=1
Cmd: preprocess
  insize=811 outsize=209 ok=1
Cmd: preprocess
  insize=811 outsize=209 ok=1
Cmd: preprocess
  insize=811 outsize=209 ok=1
Cmd: preprocess
  insize=811 outsize=209 ok=1
Cmd: preprocess
  insize=811 outsize=209 ok=1
Cmd: preprocess
  insize=811 outsize=209 ok=1
Cmd: preprocess
  insize=811 outsize=209 ok=1
Cmd: preprocess
  insize=811 outsize=209 ok=1
Cmd: preprocess
  insize=811 outsize=209 ok=1
Cmd: preprocess
  insize=811 outsize=209 ok=1
Cmd: preprocess
  insize=811 outsize=209 ok=1
Cmd: preprocess
  insize=811 outsize=209 ok=1
Cmd: preprocess
  insize=811 outsize=209 ok=1
Cmd: preprocess
  insize=811 outsize=209 ok=1
Cmd: preprocess
  insize=811 outsize=209 ok=1
Cmd: preprocess
  insize=811 outsize=209 ok=1
Cmd: preprocess
  insize=811 outsize=209 ok=1
Cmd: preprocess
  insize=811 outsize=209 ok=1
Cmd: preprocess
  insize=811 outsize=209 ok=1
Cmd: preprocess
  insize=811 outsize=209 ok=1
Cmd: preprocess
  insize=811 outsize=209 ok=1
Cmd: preprocess
  insize=811 outsize=209 ok=1
Cmd: preprocess
  insize=811 outsize=209 ok=1
Cmd: preprocess
  insize=811 outsize=209 ok=1
Cmd: preprocess
  insize=811 outsize=209 ok=1
Cmd: preprocess
  insize=811 outsize=209 ok=1
Cmd: preprocess
  insize=811 outsize=209 ok=1
Cmd: preprocess
  insize=811 outsize=209 ok=1
Cmd: preprocess
  insize=811 outsize=209 ok=1
Cmd: preprocess
  insize=811 outsize=209 ok=1
Cmd: preprocess
  insize=11159 outsize=640 ok=1
Cmd: preprocess
  insize=3980 outsize=523 ok=1
Cmd: preprocess
  insize=3743 outsize=528 ok=1
Cmd: preprocess
  insize=3559 outsize=524 ok=1
Cmd: preprocess
  insize=3370 outsize=528 ok=1
Cmd: preprocess
  insize=5257 outsize=534 ok=1
Cmd: preprocess
  insize=3344 outsize=528 ok=1
Cmd: preprocess
  insize=11509 outsize=644 ok=1
Cmd: preprocess
  insize=17417 outsize=754 ok=1
Cmd: preprocess
  insize=6727 outsize=535 ok=1
Cmd: preprocess
  insize=6609 outsize=644 ok=1
Cmd: preprocess
  insize=4320 outsize=642 ok=1
Cmd: preprocess
  insize=3370 outsize=528 ok=1
Cmd: preprocess
  insize=4039 outsize=535 ok=1
Cmd: preprocess
  insize=6069 outsize=524 ok=1
Cmd: preprocess
  insize=3586 outsize=524 ok=1
Cmd: preprocess
  insize=3397 outsize=528 ok=1
Cmd: preprocess
  insize=5795 outsize=528 ok=1
Cmd: preprocess
  insize=6281 outsize=529 ok=1
Cmd: preprocess
  insize=6039 outsize=756 ok=1
Cmd: preprocess
  insize=6357 outsize=759 ok=1
Cmd: preprocess
  insize=7383 outsize=874 ok=1
Cmd: preprocess
  insize=5684 outsize=753 ok=1
Cmd: preprocess
  insize=3466 outsize=534 ok=1
Cmd: preprocess
  insize=5357 outsize=754 ok=1
Cmd: preprocess
  insize=6034 outsize=754 ok=1
Cmd: preprocess
  insize=4541 outsize=640 ok=1
Cmd: preprocess
  insize=4370 outsize=643 ok=1
Cmd: preprocess
  insize=4608 outsize=648 ok=1
Cmd: preprocess
  insize=7421 outsize=644 ok=1
Cmd: preprocess
  insize=5257 outsize=534 ok=1
Cmd: preprocess
  insize=3255 outsize=521 ok=1
Cmd: preprocess
  insize=7318 outsize=875 ok=1
Cmd: preprocess
  insize=4210 outsize=649 ok=1
Cmd: preprocess
  insize=4116 outsize=650 ok=1
Cmd: preprocess
  insize=4116 outsize=650 ok=1
Cmd: preprocess
  insize=4210 outsize=649 ok=1
Cmd: preprocess
  insize=4116 outsize=649 ok=1
Cmd: preprocess
  insize=4116 outsize=650 ok=1
Cmd: preprocess
  insize=4116 outsize=650 ok=1
Cmd: preprocess
  insize=97044 outsize=3505 ok=1
Cmd: preprocess
  insize=4775 outsize=524 ok=1
Cmd: preprocess
  insize=14887 outsize=640 ok=1
Cmd: preprocess
  insize=15304 outsize=640 ok=1
Cmd: preprocess
  insize=6700 outsize=535 ok=1
Cmd: preprocess
  insize=3882 outsize=524 ok=1
Cmd: preprocess
  insize=3980 outsize=523 ok=1
Cmd: preprocess
  insize=3743 outsize=528 ok=1
Cmd: preprocess
  insize=4775 outsize=523 ok=1
Cmd: preprocess
  insize=3980 outsize=523 ok=1
Cmd: preprocess
  insize=3743 outsize=528 ok=1
Cmd: preprocess
  insize=4775 outsize=524 ok=1
Cmd: preprocess
  insize=5520 outsize=525 ok=1
Cmd: preprocess
  insize=6155 outsize=525 ok=1
Cmd: preprocess
  insize=3980 outsize=523 ok=1
Cmd: preprocess
  insize=3743 outsize=528 ok=1
Cmd: preprocess
  insize=4775 outsize=523 ok=1
Cmd: preprocess
  insize=3980 outsize=522 ok=1
Cmd: preprocess
  insize=3743 outsize=528 ok=1
Cmd: preprocess
  insize=4775 outsize=524 ok=1
Cmd: preprocess
  insize=6790 outsize=525 ok=1
Cmd: preprocess
  insize=7425 outsize=525 ok=1
Cmd: preprocess
  insize=87951 outsize=3516 ok=1
